Wednesday 9th of December 2015 09:51:48 AM : It works
Wednesday 9th of December 2015 09:52:56 AM : It works
Wednesday 9th of December 2015 09:52:58 AM : It works
Wednesday 9th of December 2015 09:53:26 AM : It works
Wednesday 9th of December 2015 09:54:09 AM : It works
Wednesday 9th of December 2015 09:54:16 AM : It works
Wednesday 9th of December 2015 10:01:01 AM : Loader Class Could not be found
Wednesday 9th of December 2015 10:01:01 AM : Short Class Could not be found
Wednesday 9th of December 2015 10:03:01 AM : Loader Class Could not be found
Wednesday 9th of December 2015 10:03:01 AM : Short Class Could not be found
Wednesday 9th of December 2015 10:05:01 AM : Loader Class Could not be found
Wednesday 9th of December 2015 10:05:01 AM : Short Class Could not be found
Wednesday 9th of December 2015 10:06:04 AM : Loader Class Could not be found
Wednesday 9th of December 2015 10:06:04 AM : Short Class Could not be found
Wednesday 9th of December 2015 10:06:53 AM : Loader Class Could not be found
Wednesday 9th of December 2015 10:06:53 AM : Short Class Could not be found
Wednesday 9th of December 2015 10:07:16 AM : Loader Class Could not be found
Wednesday 9th of December 2015 10:07:16 AM : Short Class Could not be found
Wednesday 9th of December 2015 10:07:19 AM : Loader Class Could not be found
Wednesday 9th of December 2015 10:07:19 AM : Short Class Could not be found
Wednesday 9th of December 2015 10:07:29 AM : Loader Class Could not be found
Wednesday 9th of December 2015 10:07:29 AM : Short Class Could not be found
Wednesday 9th of December 2015 10:07:29 AM : Loader Class Could not be found
Wednesday 9th of December 2015 10:07:29 AM : Short Class Could not be found
Wednesday 9th of December 2015 10:07:29 AM : Loader Class Could not be found
Wednesday 9th of December 2015 10:07:29 AM : Short Class Could not be found
Wednesday 9th of December 2015 10:07:44 AM : Loader Class Could not be found
Wednesday 9th of December 2015 10:07:44 AM : Short Class Could not be found
Wednesday 9th of December 2015 10:08:20 AM : Loader Class Could not be found
Wednesday 9th of December 2015 10:08:20 AM : Short Class Could not be found
Wednesday 9th of December 2015 10:08:20 AM : Loader Class Could not be found
Wednesday 9th of December 2015 10:08:20 AM : Short Class Could not be found
Wednesday 9th of December 2015 10:08:20 AM : Loader Class Could not be found
Wednesday 9th of December 2015 10:08:20 AM : Short Class Could not be found
Wednesday 9th of December 2015 10:08:20 AM : Loader Class Could not be found
Wednesday 9th of December 2015 10:08:20 AM : Short Class Could not be found
Wednesday 9th of December 2015 10:08:22 AM : Loader Class Could not be found
Wednesday 9th of December 2015 10:08:22 AM : Short Class Could not be found
Wednesday 9th of December 2015 10:08:25 AM : Loader Class Could not be found
Wednesday 9th of December 2015 10:08:25 AM : Short Class Could not be found
Wednesday 9th of December 2015 10:08:27 AM : Loader Class Could not be found
Wednesday 9th of December 2015 10:08:27 AM : Short Class Could not be found
Wednesday 9th of December 2015 10:08:27 AM : Loader Class Could not be found
Wednesday 9th of December 2015 10:08:27 AM : Short Class Could not be found
Wednesday 9th of December 2015 10:08:27 AM : Loader Class Could not be found
Wednesday 9th of December 2015 10:08:27 AM : Short Class Could not be found
Wednesday 9th of December 2015 10:08:31 AM : Loader Class Could not be found
Wednesday 9th of December 2015 10:08:31 AM : Short Class Could not be found
Wednesday 9th of December 2015 10:08:31 AM : Loader Class Could not be found
Wednesday 9th of December 2015 10:08:31 AM : Short Class Could not be found
Wednesday 9th of December 2015 10:08:32 AM : Loader Class Could not be found
Wednesday 9th of December 2015 10:08:32 AM : Short Class Could not be found
Wednesday 9th of December 2015 10:09:28 AM : Loader Class Could not be found
Wednesday 9th of December 2015 10:09:28 AM : Short Class Could not be found
Wednesday 9th of December 2015 10:09:29 AM : Loader Class Could not be found
Wednesday 9th of December 2015 10:09:29 AM : Short Class Could not be found
Wednesday 9th of December 2015 10:09:29 AM : Loader Class Could not be found
Wednesday 9th of December 2015 10:09:29 AM : Short Class Could not be found
Wednesday 9th of December 2015 10:09:29 AM : Loader Class Could not be found
Wednesday 9th of December 2015 10:09:29 AM : Short Class Could not be found
Wednesday 9th of December 2015 10:09:35 AM : Loader Class Could not be found
Wednesday 9th of December 2015 10:09:35 AM : Short Class Could not be found
Wednesday 9th of December 2015 10:09:38 AM : Loader Class Could not be found
Wednesday 9th of December 2015 10:09:38 AM : Short Class Could not be found
Wednesday 9th of December 2015 10:09:39 AM : Loader Class Could not be found
Wednesday 9th of December 2015 10:09:39 AM : Short Class Could not be found
Wednesday 9th of December 2015 10:09:42 AM : Loader Class Could not be found
Wednesday 9th of December 2015 10:09:42 AM : Short Class Could not be found
Wednesday 9th of December 2015 10:09:43 AM : Loader Class Could not be found
Wednesday 9th of December 2015 10:09:43 AM : Short Class Could not be found
Wednesday 9th of December 2015 10:09:44 AM : Loader Class Could not be found
Wednesday 9th of December 2015 10:09:44 AM : Short Class Could not be found
Wednesday 9th of December 2015 10:09:45 AM : Loader Class Could not be found
Wednesday 9th of December 2015 10:09:45 AM : Short Class Could not be found
Wednesday 9th of December 2015 10:09:54 AM : Loader Class Could not be found
Wednesday 9th of December 2015 10:09:54 AM : Short Class Could not be found
Wednesday 9th of December 2015 10:09:55 AM : Loader Class Could not be found
Wednesday 9th of December 2015 10:09:55 AM : Short Class Could not be found
Wednesday 9th of December 2015 10:09:55 AM : Loader Class Could not be found
Wednesday 9th of December 2015 10:09:55 AM : Short Class Could not be found
Wednesday 9th of December 2015 10:09:56 AM : Loader Class Could not be found
Wednesday 9th of December 2015 10:09:56 AM : Short Class Could not be found
Wednesday 9th of December 2015 10:10:06 AM : Loader Class Could not be found
Wednesday 9th of December 2015 10:10:06 AM : Short Class Could not be found
Wednesday 9th of December 2015 10:10:11 AM : Loader Class Could not be found
Wednesday 9th of December 2015 10:10:11 AM : Short Class Could not be found
Wednesday 9th of December 2015 10:10:30 AM : Loader Class Could not be found
Wednesday 9th of December 2015 10:10:30 AM : Short Class Could not be found
Wednesday 9th of December 2015 10:10:43 AM : Loader Class Could not be found
Wednesday 9th of December 2015 10:10:43 AM : Short Class Could not be found
Wednesday 9th of December 2015 10:10:45 AM : Loader Class Could not be found
Wednesday 9th of December 2015 10:10:45 AM : Short Class Could not be found
Wednesday 9th of December 2015 10:10:46 AM : Loader Class Could not be found
Wednesday 9th of December 2015 10:10:46 AM : Short Class Could not be found
Wednesday 9th of December 2015 10:10:47 AM : Loader Class Could not be found
Wednesday 9th of December 2015 10:10:47 AM : Short Class Could not be found
Wednesday 9th of December 2015 10:10:47 AM : Loader Class Could not be found
Wednesday 9th of December 2015 10:10:47 AM : Short Class Could not be found
Wednesday 9th of December 2015 10:11:35 AM : Loader Class Could not be found
Wednesday 9th of December 2015 10:11:35 AM : Short Class Could not be found
Wednesday 9th of December 2015 10:12:35 AM : /src/Short.php Missing and could not be loaded
Wednesday 9th of December 2015 10:12:35 AM : Loader Class Could not be found
Wednesday 9th of December 2015 10:12:35 AM : Short Class Could not be found
Wednesday 9th of December 2015 10:12:54 AM : /src/Short.php Missing and could not be loaded
Wednesday 9th of December 2015 10:12:54 AM : Loader Class Could not be found
Wednesday 9th of December 2015 10:12:54 AM : Short Class Could not be found
Wednesday 9th of December 2015 10:13:21 AM : /src/Short.php Missing and could not be loaded
Wednesday 9th of December 2015 10:13:21 AM : Loader Class Could not be found
Wednesday 9th of DFriday 18th of December 2015 12:58:24 PM : Test error writing
Friday 18th of December 2015 12:58:26 PM : Test error writing
Friday 18th of December 2015 12:58:28 PM : Test error writing
Friday 18th of December 2015 12:58:29 PM : Test error writing
Friday 18th of December 2015 01:26:03 PM : Test error writing
Friday 18th of December 2015 01:26:23 PM : Test error writing
Friday 18th of December 2015 01:26:35 PM : Test error writing
Friday 18th of December 2015 01:27:46 PM : Test error writing
Friday 18th of December 2015 01:29:13 PM : Test error writing
Friday 18th of December 2015 01:29:20 PM : Test error writing
Friday 18th of December 2015 01:29:25 PM : Test error writing
Friday 18th of December 2015 01:29:26 PM : Test error writing
Friday 18th of December 2015 01:29:27 PM : Test error writing
Friday 18th of December 2015 01:29:28 PM : Test error writing
Friday 18th of December 2015 02:51:20 PM : Test error writing
Friday 18th of December 2015 03:11:39 PM : Test error writing
Friday 18th of December 2015 03:11:39 PM : Test error writing
Friday 18th of December 2015 03:11:39 PM : Test error writing
Friday 18th of December 2015 03:16:09 PM : Test error writing
Friday 18th of December 2015 03:16:46 PM : Test error writing
Friday 18th of December 2015 03:16:47 PM : Test error writing
Friday 18th of December 2015 03:16:48 PM : Test error writing
Friday 18th of December 2015 03:17:26 PM : Test error writing
Friday 18th of December 2015 03:17:27 PM : Test error writing
Friday 18th of December 2015 03:17:27 PM : Test error writing
Friday 18th of December 2015 03:17:52 PM : Test error writing
Friday 18th of December 2015 03:27:20 PM : Test error writing
Friday 18th of December 2015 03:27:20 PM : Test error writing
Friday 18th of December 2015 03:28:41 PM : Test error writing
Friday 18th of December 2015 03:29:01 PM : Test error writing
Friday 18th of December 2015 03:29:43 PM : Test error writing
Friday 18th of December 2015 03:37:54 PM : Test error writing
Friday 18th of December 2015 03:38:34 PM : Test error writing
Friday 18th of December 2015 03:39:53 PM : Test error writing
Friday 18th of December 2015 03:51:51 PM : Test error writing
Friday 18th of December 2015 03:52:03 PM : Test error writing
Friday 18th of December 2015 03:54:13 PM : Test error writing
Friday 18th of December 2015 03:54:13 PM : Test error writing
Friday 18th of December 2015 03:55:35 PM : Test error writing
Friday 18th of December 2015 03:55:36 PM : Test error writing
Friday 18th of December 2015 03:55:37 PM : Test error writing
Friday 18th of December 2015 03:55:45 PM : Test error writing
Friday 18th of December 2015 03:55:48 PM : Test error writing
Friday 18th of December 2015 03:55:54 PM : Test error writing
Friday 18th of December 2015 03:56:06 PM : Test error writing
Friday 18th of December 2015 03:56:41 PM : Test error writing
Friday 18th of December 2015 03:57:15 PM : Test error writing
Friday 18th of December 2015 03:57:29 PM : Test error writing
Friday 18th of December 2015 03:58:05 PM : Test error writing
Friday 18th of December 2015 04:01:59 PM : Test error writing
Friday 18th of December 2015 04:03:34 PM : Test error writing
Friday 18th of December 2015 04:03:34 PM : Test error writing
Friday 18th of December 2015 04:04:14 PM : Test error writing
Friday 18th of December 2015 04:07:53 PM : Test error writing
Friday 18th of December 2015 04:07:54 PM : Test error writing
Friday 18th of December 2015 04:07:55 PM : Test error writing
Friday 18th of December 2015 04:08:34 PM : Test error writing
Friday 18th of December 2015 04:08:38 PM : Test error writing
Friday 18th of December 2015 04:24:26 PM : Test error writing
Friday 18th of December 2015 04:31:37 PM : Test error writing
Friday 18th of December 2015 04:31:57 PM : Test error writing
Friday 18th of December 2015 04:32:20 PM : Test error writing
Friday 18th of December 2015 04:32:23 PM : Test error writing
Friday 18th of December 2015 04:32:24 PM : Test error writing
Friday 18th of December 2015 04:32:25 PM : Test error writing
Friday 18th of December 2015 04:32:26 PM : Test error writing
Friday 18th of December 2015 04:32:26 PM : Test error writing
Friday 18th of December 2015 04:32:27 PM : Test error writing
Friday 18th of December 2015 04:33:48 PM : Test error writing
Friday 18th of December 2015 04:34:08 PM : Test error writing
Monday 21st of December 2015 09:21:35 AM : Test error writing
Monday 21st of December 2015 09:21:39 AM : Test error writing
Monday 21st of December 2015 03:04:11 PM : Test error writing
Monday 21st of December 2015 03:04:12 PM : Test error writing
Wednesday 23rd of December 2015 11:00:26 AM : Test error writing
Wednesday 23rd of December 2015 11:00:29 AM : Test error writing
Wednesday 23rd of December 2015 11:00:53 AM : Test error writing
Wednesday 23rd of December 2015 01:13:28 PM : Test error writing
Wednesday 23rd of December 2015 01:13:28 PM : Test error writing
Wednesday 23rd of December 2015 01:16:57 PM : Test error writing
Wednesday 23rd of December 2015 01:16:58 PM : Test error writing
Wednesday 23rd of December 2015 01:17:00 PM : Test error writing
Wednesday 23rd of December 2015 01:17:01 PM : Test error writing
Wednesday 23rd of December 2015 01:17:02 PM : Test error writing
Wednesday 23rd of December 2015 01:17:02 PM : Test error writing
Wednesday 23rd of December 2015 01:17:06 PM : Test error writing
Wednesday 23rd of December 2015 01:17:07 PM : Test error writing
Wednesday 23rd of December 2015 01:17:07 PM : Test error writing
Wednesday 23rd of December 2015 01:20:11 PM : Test error writing
Wednesday 23rd of December 2015 01:20:37 PM : Test error writing
Wednesday 23rd of December 2015 01:20:38 PM : Test error writing
Wednesday 23rd of December 2015 01:20:38 PM : Test error writing
Wednesday 23rd of December 2015 01:22:31 PM : Test error writing
Wednesday 23rd of December 2015 01:23:31 PM : Test error writing
Wednesday 23rd of December 2015 01:24:31 PM : Test error writing
Wednesday 23rd of December 2015 01:25:31 PM : Test error writing
Wednesday 23rd of December 2015 01:26:42 PM : Test error writing
Wednesday 23rd of December 2015 01:26:42 PM : Test error writing
Wednesday 23rd of December 2015 01:26:43 PM : Test error writing
Wednesday 23rd of December 2015 01:26:43 PM : Test error writing
Wednesday 23rd of December 2015 01:26:44 PM : Test error writing
Wednesday 23rd of December 2015 01:26:45 PM : Test error writing
Wednesday 23rd of December 2015 01:27:15 PM : Test error writing
Wednesday 23rd of December 2015 01:27:16 PM : Test error writing
Wednesday 23rd of December 2015 01:27:17 PM : Test error writing
Wednesday 23rd of December 2015 01:27:17 PM : Test error writing
Wednesday 23rd of December 2015 01:28:10 PM : Test error writing
Wednesday 23rd of December 2015 01:28:10 PM : Test error writing
Wednesday 23rd of December 2015 01:28:11 PM : Test error writing
Wednesday 23rd of December 2015 01:28:11 PM : Test error writing
Wednesday 23rd of December 2015 01:28:24 PM : Test error writing
Wednesday 23rd of December 2015 01:28:25 PM : Test error writing
Wednesday 23rd of December 2015 01:28:25 PM : Test error writing
Wednesday 23rd of December 2015 01:28:26 PM : Test error writing
Wednesday 23rd of December 2015 01:28:32 PM : Test error writing
Wednesday 23rd of December 2015 01:28:33 PM : Test error writing
Wednesday 23rd of December 2015 01:28:33 PM : Test error writing
Wednesday 23rd of December 2015 01:28:33 PM : Test error writing
Wednesday 23rd of December 2015 01:29:00 PM : Test error writing
Wednesday 23rd of December 2015 01:29:01 PM : Test error writing
Wednesday 23rd of December 2015 01:29:01 PM : Test error writing
Wednesday 23rd of December 2015 01:29:44 PM : Test error writing
Wednesday 23rd of December 2015 01:29:44 PM : Test error writing
Wednesday 23rd of December 2015 01:29:45 PM : Test error writing
Wednesday 23rd of December 2015 01:29:45 PM : Test error writing
Wednesday 23rd of December 2015 01:29:46 PM : Test error writing
Wednesday 23rd of December 2015 01:30:07 PM : Test error writing
Wednesday 23rd of December 2015 01:30:08 PM : Test error writing
Wednesday 23rd of December 2015 01:30:08 PM : Test error writing
Wednesday 23rd of December 2015 01:31:28 PM : Test error writing
Wednesday 23rd of December 2015 01:31:28 PM : Test error writing
Wednesday 23rd of December 2015 01:31:29 PM : Test error writing
Wednesday 23rd of December 2015 01:31:30 PM : Test error writing
Wednesday 23rd of December 2015 01:32:24 PM : Test error writing
Wednesday 23rd of December 2015 01:32:24 PM : Test error writing
Wednesday 23rd of December 2015 01:32:26 PM : Test error writing
Wednesday 23rd of December 2015 01:32:26 PM : Test error writing
Wednesday 23rd of December 2015 01:34:40 PM : Test error writing
Wednesday 23rd of December 2015 01:34:40 PM : Test error writing
Wednesday 23rd of December 2015 01:34:42 PM : Test error writing
Wednesday 23rd of December 2015 01:34:42 PM : Test error writing
Wednesday 23rd of December 2015 01:36:12 PM : Test error writing
Wednesday 23rd of December 2015 01:36:12 PM : Test error writing
Wednesday 23rd of December 2015 01:36:13 PM : Test error writing
Wednesday 23rd of December 2015 01:36:13 PM : Test error writing
Wednesday 23rd of December 2015 01:37:31 PM : Test error writing
Wednesday 23rd of December 2015 01:38:23 PM : Test error writing
Wednesday 23rd of December 2015 01:38:24 PM : Test error writing
Wednesday 23rd of December 2015 01:38:24 PM : Test error writing
Wednesday 23rd of December 2015 01:39:14 PM : Test error writing
Wednesday 23rd of December 2015 01:39:15 PM : Test error writing
Wednesday 23rd of December 2015 01:39:16 PM : Test error writing
Wednesday 23rd of December 2015 01:39:16 PM : Test error writing
Wednesday 23rd of December 2015 01:39:16 PM : Test error writing
Wednesday 23rd of December 2015 01:40:43 PM : Test error writing
Wednesday 23rd of December 2015 01:40:43 PM : Test error writing
Wednesday 23rd of December 2015 01:40:44 PM : Test error writing
Wednesday 23rd of December 2015 01:40:44 PM : Test error writing
Wednesday 23rd of December 2015 01:41:21 PM : Test error writing
Wednesday 23rd of December 2015 01:41:21 PM : Test error writing
Wednesday 23rd of December 2015 01:41:22 PM : Test error writing
Wednesday 23rd of December 2015 01:41:23 PM : Test error writing
Wednesday 23rd of December 2015 01:42:03 PM : Test error writing
Wednesday 23rd of December 2015 01:42:30 PM : Test error writing
Wednesday 23rd of December 2015 01:42:32 PM : Test error writing
Wednesday 23rd of December 2015 01:42:32 PM : Test error writing
Wednesday 23rd of December 2015 01:43:14 PM : Test error writing
Wednesday 23rd of December 2015 01:43:14 PM : Test error writing
Wednesday 23rd of December 2015 01:43:15 PM : Test error writing
Wednesday 23rd of December 2015 01:43:15 PM : Test error writing
Wednesday 23rd of December 2015 01:43:28 PM : Test error writing
Wednesday 23rd of December 2015 01:43:29 PM : Test error writing
Wednesday 23rd of December 2015 01:43:30 PM : Test error writing
Wednesday 23rd of December 2015 01:43:50 PM : Test error writing
Wednesday 23rd of December 2015 01:43:51 PM : Test error writing
Wednesday 23rd of December 2015 01:44:53 PM : Test error writing
Wednesday 23rd of December 2015 01:47:08 PM : Test error writing
Wednesday 23rd of December 2015 01:49:09 PM : Test error writing
Wednesday 23rd of December 2015 01:51:10 PM : Test error writing
Wednesday 23rd of December 2015 01:53:11 PM : Test error writing
Wednesday 23rd of December 2015 02:01:27 PM : Test error writing
Wednesday 23rd of December 2015 02:02:27 PM : Test error writing
Wednesday 23rd of December 2015 02:03:27 PM : Test error writing
Wednesday 23rd of December 2015 02:05:07 PM : Test error writing
Wednesday 23rd of December 2015 02:05:07 PM : Test error writing
Wednesday 23rd of December 2015 02:05:08 PM : Test error writing
Wednesday 23rd of December 2015 02:05:21 PM : Test error writing
Wednesday 23rd of December 2015 02:05:22 PM : Test error writing
Wednesday 23rd of December 2015 02:06:23 PM : Test error writing
Wednesday 23rd of December 2015 02:06:30 PM : Test error writing
Wednesday 23rd of December 2015 02:06:31 PM : Test error writing
Wednesday 23rd of December 2015 02:07:32 PM : Test error writing
Wednesday 23rd of December 2015 02:08:38 PM : Test error writing
Wednesday 23rd of December 2015 02:10:38 PM : Test error writing
Wednesday 23rd of December 2015 02:11:14 PM : Test error writing
Wednesday 23rd of December 2015 02:11:15 PM : Test error writing
Wednesday 23rd of December 2015 02:11:29 PM : Test error writing
Wednesday 23rd of December 2015 02:11:31 PM : Test error writing
Wednesday 23rd of December 2015 02:12:33 PM : Test error writing
Wednesday 23rd of December 2015 02:13:32 PM : Test error writing
Wednesday 23rd of December 2015 02:14:32 PM : Test error writing
Wednesday 23rd of December 2015 02:14:43 PM : Test error writing
Wednesday 23rd of December 2015 02:14:50 PM : Test error writing
Wednesday 23rd of December 2015 02:14:50 PM : Test error writing
Wednesday 23rd of December 2015 02:15:53 PM : Test error writing
Wednesday 23rd of December 2015 02:17:53 PM : Test error writing
Wednesday 23rd of December 2015 02:19:54 PM : Test error writing
Wednesday 23rd of December 2015 02:20:54 PM : Test error writing
Wednesday 23rd of December 2015 02:21:40 PM : Test error writing
Wednesday 23rd of December 2015 02:21:41 PM : Test error writing
Wednesday 23rd of December 2015 02:21:52 PM : Test error writing
Wednesday 23rd of December 2015 02:21:53 PM : Test error writing
Wednesday 23rd of December 2015 02:22:41 PM : Test error writing
Wednesday 23rd of December 2015 02:22:42 PM : Test error writing
Wednesday 23rd of December 2015 02:23:43 PM : Test error writing
Wednesday 23rd of December 2015 02:23:55 PM : Test error writing
Wednesday 23rd of December 2015 02:23:56 PM : Test error writing
Wednesday 23rd of December 2015 02:24:57 PM : Test error writing
Wednesday 23rd of December 2015 02:25:32 PM : Test error writing
Wednesday 23rd of December 2015 02:25:33 PM : Test error writing
Wednesday 23rd of December 2015 02:26:34 PM : Test error writing
Wednesday 23rd of December 2015 02:27:27 PM : Test error writing
Wednesday 23rd of December 2015 02:27:28 PM : Test error writing
Wednesday 23rd of December 2015 02:28:29 PM : Test error writing
Wednesday 23rd of December 2015 02:28:38 PM : Test error writing
Wednesday 23rd of December 2015 02:28:39 PM : Test error writing
Wednesday 23rd of December 2015 02:29:23 PM : Test error writing
Wednesday 23rd of December 2015 02:29:24 PM : Test error writing
Wednesday 23rd of December 2015 02:29:36 PM : Test error writing
Wednesday 23rd of December 2015 02:29:36 PM : Test error writing
Wednesday 23rd of December 2015 02:30:10 PM : Test error writing
Wednesday 23rd of December 2015 02:30:11 PM : Test error writing
Wednesday 23rd of December 2015 02:31:12 PM : Test error writing
Wednesday 23rd of December 2015 02:31:47 PM : Test error writing
Wednesday 23rd of December 2015 02:31:47 PM : Test error writing
Wednesday 23rd of December 2015 02:31:48 PM : Test error writing
Wednesday 23rd of December 2015 02:32:49 PM : Test error writing
Wednesday 23rd of December 2015 02:32:51 PM : Test error writing
Wednesday 23rd of December 2015 02:32:52 PM : Test error writing
Wednesday 23rd of December 2015 02:33:08 PM : Test error writing
Wednesday 23rd of December 2015 02:33:09 PM : Test error writing
Wednesday 23rd of December 2015 02:33:41 PM : Test error writing
Wednesday 23rd of December 2015 02:33:42 PM : Test error writing
Wednesday 23rd of December 2015 02:34:11 PM : Test error writing
Wednesday 23rd of December 2015 02:34:12 PM : Test error writing
Wednesday 23rd of December 2015 02:34:24 PM : Test error writing
Wednesday 23rd of December 2015 02:34:25 PM : Test error writing
Wednesday 23rd of December 2015 02:35:26 PM : Test error writing
Wednesday 23rd of December 2015 02:35:37 PM : Test error writing
Wednesday 23rd of December 2015 02:35:38 PM : Test error writing
Wednesday 23rd of December 2015 02:36:16 PM : Test error writing
Wednesday 23rd of December 2015 02:36:17 PM : Test error writing
Wednesday 23rd of December 2015 02:37:19 PM : Test error writing
Wednesday 23rd of December 2015 02:37:50 PM : Test error writing
Wednesday 23rd of December 2015 02:37:50 PM : Test error writing
Wednesday 23rd of December 2015 02:38:02 PM : Test error writing
Wednesday 23rd of December 2015 02:38:30 PM : Test error writing
Wednesday 23rd of December 2015 02:38:31 PM : Test error writing
Wednesday 23rd of December 2015 02:38:32 PM : Test error writing
Wednesday 23rd of December 2015 02:38:35 PM : Test error writing
Wednesday 23rd of December 2015 02:38:48 PM : Test error writing
Wednesday 23rd of December 2015 02:38:49 PM : Test error writing
Wednesday 23rd of December 2015 02:38:50 PM : Test error writing
Wednesday 23rd of December 2015 02:39:00 PM : Test error writing
Wednesday 23rd of December 2015 02:39:01 PM : Test error writing
Wednesday 23rd of December 2015 02:39:01 PM : Test error writing
Wednesday 23rd of December 2015 02:39:02 PM : Test error writing
Wednesday 23rd of December 2015 02:39:17 PM : Test error writing
Wednesday 23rd of December 2015 02:39:18 PM : Test error writing
Wednesday 23rd of December 2015 02:39:19 PM : Test error writing
Wednesday 23rd of December 2015 02:39:19 PM : Test error writing
Wednesday 23rd of December 2015 02:40:20 PM : Test error writing
Wednesday 23rd of December 2015 02:40:28 PM : Test error writing
Wednesday 23rd of December 2015 02:40:28 PM : Test error writing
Wednesday 23rd of December 2015 02:40:29 PM : Test error writing
Wednesday 23rd of December 2015 02:40:30 PM : Test error writing
Wednesday 23rd of December 2015 02:40:40 PM : Test error writing
Wednesday 23rd of December 2015 02:40:41 PM : Test error writing
Wednesday 23rd of December 2015 02:40:41 PM : Test error writing
Wednesday 23rd of December 2015 02:40:42 PM : Test error writing
Wednesday 23rd of December 2015 02:40:51 PM : Test error writing
Wednesday 23rd of December 2015 02:40:51 PM : Test error writing
Wednesday 23rd of December 2015 02:40:52 PM : Test error writing
Wednesday 23rd of December 2015 02:40:52 PM : Test error writing
Wednesday 23rd of December 2015 02:41:26 PM : Test error writing
Wednesday 23rd of December 2015 02:41:27 PM : Test error writing
Wednesday 23rd of December 2015 02:41:39 PM : Test error writing
Wednesday 23rd of December 2015 02:41:40 PM : Test error writing
Wednesday 23rd of December 2015 02:42:41 PM : Test error writing
Wednesday 23rd of December 2015 02:44:01 PM : Test error writing
Wednesday 23rd of December 2015 02:44:07 PM : Test error writing
Wednesday 23rd of December 2015 02:44:08 PM : Test error writing
Wednesday 23rd of December 2015 02:44:15 PM : Test error writing
Wednesday 23rd of December 2015 02:44:16 PM : Test error writing
Wednesday 23rd of December 2015 02:44:17 PM : Test error writing
Wednesday 23rd of December 2015 02:44:24 PM : Test error writing
Wednesday 23rd of December 2015 02:44:24 PM : Test error writing
Wednesday 23rd of December 2015 02:44:25 PM : Test error writing
Wednesday 23rd of December 2015 02:44:30 PM : Test error writing
Wednesday 23rd of December 2015 02:44:31 PM : Test error writing
Wednesday 23rd of December 2015 02:44:32 PM : Test error writing
Wednesday 23rd of December 2015 02:45:02 PM : Test error writing
Wednesday 23rd of December 2015 02:45:03 PM : Test error writing
Wednesday 23rd of December 2015 02:45:09 PM : Test error writing
Wednesday 23rd of December 2015 02:45:10 PM : Test error writing
Wednesday 23rd of December 2015 02:45:11 PM : Test error writing
Wednesday 23rd of December 2015 02:45:15 PM : Test error writing
Wednesday 23rd of December 2015 02:45:16 PM : Test error writing
Wednesday 23rd of December 2015 02:46:17 PM : Test error writing
Wednesday 23rd of December 2015 02:46:35 PM : Test error writing
Wednesday 23rd of December 2015 02:46:36 PM : Test error writing
Wednesday 23rd of December 2015 02:46:42 PM : Test error writing
Wednesday 23rd of December 2015 02:46:42 PM : Test error writing
Wednesday 23rd of December 2015 02:46:43 PM : Test error writing
Wednesday 23rd of December 2015 02:46:43 PM : Test error writing
Wednesday 23rd of December 2015 02:46:46 PM : Test error writing
Wednesday 23rd of December 2015 02:46:46 PM : Test error writing
Wednesday 23rd of December 2015 02:46:47 PM : Test error writing
Wednesday 23rd of December 2015 02:46:47 PM : Test error writing
Wednesday 23rd of December 2015 02:46:48 PM : Test error writing
Wednesday 23rd of December 2015 02:46:55 PM : Test error writing
Wednesday 23rd of December 2015 02:46:55 PM : Test error writing
Wednesday 23rd of December 2015 02:47:03 PM : Test error writing
Wednesday 23rd of December 2015 02:47:14 PM : Test error writing
Wednesday 23rd of December 2015 02:47:15 PM : Test error writing
Wednesday 23rd of December 2015 02:47:16 PM : Test error writing
Wednesday 23rd of December 2015 02:47:18 PM : Test error writing
Wednesday 23rd of December 2015 02:47:20 PM : Test error writing
Wednesday 23rd of December 2015 02:47:23 PM : Test error writing
Wednesday 23rd of December 2015 02:47:33 PM : Test error writing
Wednesday 23rd of December 2015 02:48:31 PM : Test error writing
Wednesday 23rd of December 2015 02:48:46 PM : Test error writing
Wednesday 23rd of December 2015 02:49:02 PM : Test error writing
Wednesday 23rd of December 2015 02:49:11 PM : Test error writing
Wednesday 23rd of December 2015 02:49:14 PM : Test error writing
Wednesday 23rd of December 2015 02:49:16 PM : Test error writing
Wednesday 23rd of December 2015 02:49:18 PM : Test error writing
Wednesday 23rd of December 2015 02:49:57 PM : Test error writing
Wednesday 23rd of December 2015 02:50:11 PM : Test error writing
Wednesday 23rd of December 2015 02:50:13 PM : Test error writing
Wednesday 23rd of December 2015 02:50:30 PM : Test error writing
Wednesday 23rd of December 2015 02:51:12 PM : Test error writing
Wednesday 23rd of December 2015 02:51:18 PM : Test error writing
Wednesday 23rd of December 2015 02:51:18 PM : Test error writing
Wednesday 23rd of December 2015 02:51:19 PM : Test error writing
Wednesday 23rd of December 2015 02:51:19 PM : Test error writing
Wednesday 23rd of December 2015 02:51:36 PM : Test error writing
Wednesday 23rd of December 2015 02:51:37 PM : Test error writing
Wednesday 23rd of December 2015 02:51:37 PM : Test error writing
Wednesday 23rd of December 2015 02:51:38 PM : Test error writing
Wednesday 23rd of December 2015 02:51:38 PM : Test error writing
Wednesday 23rd of December 2015 02:51:39 PM : Test error writing
Wednesday 23rd of December 2015 02:52:39 PM : Test error writing
Wednesday 23rd of December 2015 02:52:40 PM : Test error writing
Wednesday 23rd of December 2015 02:53:38 PM : Test error writing
Wednesday 23rd of December 2015 02:53:39 PM : Test error writing
Wednesday 23rd of December 2015 02:53:39 PM : Test error writing
Wednesday 23rd of December 2015 02:54:40 PM : Test error writing
Wednesday 23rd of December 2015 02:55:49 PM : Test error writing
Wednesday 23rd of December 2015 02:57:50 PM : Test error writing
Wednesday 23rd of December 2015 02:59:51 PM : Test error writing
Wednesday 23rd of December 2015 03:01:52 PM : Test error writing
Wednesday 23rd of December 2015 03:03:53 PM : Test error writing
Wednesday 23rd of December 2015 03:54:47 PM : Test error writing
Wednesday 23rd of December 2015 03:54:47 PM : Test error writing
Wednesday 23rd of December 2015 03:55:47 PM : Test error writing
Wednesday 23rd of December 2015 03:57:48 PM : Test error writing
Wednesday 23rd of December 2015 03:59:49 PM : Test error writing
Wednesday 23rd of December 2015 04:01:49 PM : Test error writing
Wednesday 23rd of December 2015 04:03:51 PM : Test error writing
Wednesday 23rd of December 2015 04:03:52 PM : Test error writing
Wednesday 23rd of December 2015 04:33:34 PM : Test error writing
Wednesday 23rd of December 2015 04:33:35 PM : Test error writing
Wednesday 23rd of December 2015 04:33:42 PM : Test error writing
Thursday 24th of December 2015 01:24:49 PM : Test error writing
Thursday 24th of December 2015 01:24:52 PM : Test error writing
Thursday 24th of December 2015 01:24:57 PM : Test error writing
Thursday 24th of December 2015 01:25:01 PM : Test error writing
Thursday 24th of December 2015 01:25:04 PM : Test error writing
Thursday 24th of December 2015 01:25:11 PM : Test error writing
Thursday 24th of December 2015 01:25:12 PM : Test error writing
Thursday 24th of December 2015 01:27:18 PM : Test error writing
Thursday 24th of December 2015 01:27:24 PM : Test error writing
Thursday 24th of December 2015 01:27:26 PM : Test error writing
Thursday 24th of December 2015 01:27:46 PM : Test error writing
Thursday 24th of December 2015 01:27:48 PM : Test error writing
Thursday 24th of December 2015 01:27:50 PM : Test error writing
Thursday 24th of December 2015 01:27:51 PM : Test error writing
Thursday 24th of December 2015 01:27:52 PM : Test error writing
Thursday 24th of December 2015 01:27:55 PM : Test error writing
Thursday 24th of December 2015 01:27:55 PM : Test error writing
Thursday 24th of December 2015 01:28:03 PM : Test error writing
Thursday 24th of December 2015 01:28:19 PM : Test error writing
Thursday 24th of December 2015 01:28:27 PM : Test error writing
Thursday 24th of December 2015 01:28:34 PM : Test error writing
Thursday 24th of December 2015 01:28:35 PM : Test error writing
Thursday 24th of December 2015 01:28:36 PM : Test error writing
Thursday 24th of December 2015 01:28:56 PM : Test error writing
Thursday 24th of December 2015 01:28:56 PM : Test error writing
Thursday 24th of December 2015 01:28:57 PM : Test error writing
Thursday 24th of December 2015 01:28:58 PM : Test error writing
Thursday 24th of December 2015 01:29:23 PM : Test error writing
Thursday 24th of December 2015 01:29:24 PM : Test error writing
Thursday 24th of December 2015 01:29:24 PM : Test error writing
Thursday 24th of December 2015 01:29:26 PM : Test error writing
Thursday 24th of December 2015 01:29:27 PM : Test error writing
Thursday 24th of December 2015 01:30:29 PM : Test error writing
Thursday 24th of December 2015 01:31:59 PM : Test error writing
Thursday 24th of December 2015 01:32:55 PM : Test error writing
Thursday 24th of December 2015 01:32:56 PM : Test error writing
Thursday 24th of December 2015 01:32:57 PM : Test error writing
Thursday 24th of December 2015 01:32:57 PM : Test error writing
Thursday 24th of December 2015 01:33:01 PM : Test error writing
Thursday 24th of December 2015 01:33:02 PM : Test error writing
Thursday 24th of December 2015 01:33:29 PM : Test error writing
Thursday 24th of December 2015 01:33:30 PM : Test error writing
Thursday 24th of December 2015 01:33:31 PM : Test error writing
Thursday 24th of December 2015 01:33:55 PM : Test error writing
Thursday 24th of December 2015 01:34:00 PM : Test error writing
Thursday 24th of December 2015 01:34:00 PM : Test error writing
Thursday 24th of December 2015 01:34:01 PM : Test error writing
Thursday 24th of December 2015 01:34:02 PM : Test error writing
Thursday 24th of December 2015 01:34:04 PM : Test error writing
Thursday 24th of December 2015 01:34:09 PM : Test error writing
Thursday 24th of December 2015 01:34:09 PM : Test error writing
Thursday 24th of December 2015 01:34:12 PM : Test error writing
Thursday 24th of December 2015 01:34:16 PM : Test error writing
Thursday 24th of December 2015 01:34:17 PM : Test error writing
Thursday 24th of December 2015 01:34:18 PM : Test error writing
Thursday 24th of December 2015 01:34:19 PM : Test error writing
Thursday 24th of December 2015 01:34:20 PM : Test error writing
Thursday 24th of December 2015 01:34:20 PM : Test error writing
Thursday 24th of December 2015 01:34:27 PM : Test error writing
Thursday 24th of December 2015 01:34:28 PM : Test error writing
Thursday 24th of December 2015 01:34:36 PM : Test error writing
Thursday 24th of December 2015 01:34:37 PM : Test error writing
Thursday 24th of December 2015 01:34:38 PM : Test error writing
Thursday 24th of December 2015 01:34:39 PM : Test error writing
Thursday 24th of December 2015 01:34:40 PM : Test error writing
Thursday 24th of December 2015 01:34:41 PM : Test error writing
Thursday 24th of December 2015 01:34:44 PM : Test error writing
Thursday 24th of December 2015 01:34:47 PM : Test error writing
Thursday 24th of December 2015 01:35:34 PM : Test error writing
Thursday 24th of December 2015 01:35:36 PM : Test error writing
Thursday 24th of December 2015 01:35:39 PM : Test error writing
Thursday 24th of December 2015 01:35:41 PM : Test error writing
Thursday 24th of December 2015 01:35:41 PM : Test error writing
Thursday 24th of December 2015 01:35:43 PM : Test error writing
Thursday 24th of December 2015 01:35:45 PM : Test error writing
Thursday 24th of December 2015 01:35:46 PM : Test error writing
Thursday 24th of December 2015 01:35:47 PM : Test error writing
Thursday 24th of December 2015 01:35:47 PM : Test error writing
Thursday 24th of December 2015 01:35:48 PM : Test error writing
Thursday 24th of December 2015 01:36:27 PM : Test error writing
Thursday 24th of December 2015 01:36:28 PM : Test error writing
Thursday 24th of December 2015 01:36:29 PM : Test error writing
Thursday 24th of December 2015 01:36:46 PM : Test error writing
Thursday 24th of December 2015 01:36:50 PM : Test error writing
Thursday 24th of December 2015 01:36:51 PM : Test error writing
Thursday 24th of December 2015 01:36:51 PM : Test error writing
Thursday 24th of December 2015 01:36:53 PM : Test error writing
Thursday 24th of December 2015 01:37:54 PM : Test error writing
Thursday 24th of December 2015 01:38:53 PM : Test error writing
